0 info it worked if it ends with ok
1 verbose cli [ '/usr/local/bin/node',
1 verbose cli   '/usr/local/bin/npm',
1 verbose cli   'run',
1 verbose cli   'webpack-loader' ]
2 info using npm@4.0.5
3 info using node@v4.4.7
4 verbose run-script [ 'prewebpack-loader', 'webpack-loader', 'postwebpack-loader' ]
5 info lifecycle react-webpack@1.0.0~prewebpack-loader: react-webpack@1.0.0
6 silly lifecycle react-webpack@1.0.0~prewebpack-loader: no script for prewebpack-loader, continuing
7 info lifecycle react-webpack@1.0.0~webpack-loader: react-webpack@1.0.0
8 verbose lifecycle react-webpack@1.0.0~webpack-loader: unsafe-perm in lifecycle true
9 verbose lifecycle react-webpack@1.0.0~webpack-loader: PATH: /usr/local/lib/node_modules/npm/bin/node-gyp-bin:/Users/herely/Documents/learn/react/react-webpack/node_modules/.bin:/usr/local/bin:/usr/bin:/bin:/usr/sbin:/sbin
10 verbose lifecycle react-webpack@1.0.0~webpack-loader: CWD: /Users/herely/Documents/learn/react/react-webpack
11 silly lifecycle react-webpack@1.0.0~webpack-loader: Args: [ '-c',
11 silly lifecycle   'webpack --config webpack.loader.config.js --progress --display-modules --colors --display-reasons' ]
12 silly lifecycle react-webpack@1.0.0~webpack-loader: Returned: code: 2  signal: null
13 info lifecycle react-webpack@1.0.0~webpack-loader: Failed to exec webpack-loader script
14 verbose stack Error: react-webpack@1.0.0 webpack-loader: `webpack --config webpack.loader.config.js --progress --display-modules --colors --display-reasons`
14 verbose stack Exit status 2
14 verbose stack     at EventEmitter.<anonymous> (/usr/local/lib/node_modules/npm/lib/utils/lifecycle.js:279:16)
14 verbose stack     at emitTwo (events.js:87:13)
14 verbose stack     at EventEmitter.emit (events.js:172:7)
14 verbose stack     at ChildProcess.<anonymous> (/usr/local/lib/node_modules/npm/lib/utils/spawn.js:40:14)
14 verbose stack     at emitTwo (events.js:87:13)
14 verbose stack     at ChildProcess.emit (events.js:172:7)
14 verbose stack     at maybeClose (internal/child_process.js:827:16)
14 verbose stack     at Process.ChildProcess._handle.onexit (internal/child_process.js:211:5)
15 verbose pkgid react-webpack@1.0.0
16 verbose cwd /Users/herely/Documents/learn/react/react-webpack
17 error Darwin 16.3.0
18 error argv "/usr/local/bin/node" "/usr/local/bin/npm" "run" "webpack-loader"
19 error node v4.4.7
20 error npm  v4.0.5
21 error code ELIFECYCLE
22 error react-webpack@1.0.0 webpack-loader: `webpack --config webpack.loader.config.js --progress --display-modules --colors --display-reasons`
22 error Exit status 2
23 error Failed at the react-webpack@1.0.0 webpack-loader script 'webpack --config webpack.loader.config.js --progress --display-modules --colors --display-reasons'.
23 error Make sure you have the latest version of node.js and npm installed.
23 error If you do, this is most likely a problem with the react-webpack package,
23 error not with npm itself.
23 error Tell the author that this fails on your system:
23 error     webpack --config webpack.loader.config.js --progress --display-modules --colors --display-reasons
23 error You can get information on how to open an issue for this project with:
23 error     npm bugs react-webpack
23 error Or if that isn't available, you can get their info via:
23 error     npm owner ls react-webpack
23 error There is likely additional logging output above.
24 verbose exit [ 1, true ]
